build/outputs/logs/manifest-merger-debug-report.txt
-- Merging decision tree log ---
manifest
ADDED from Android_Studio_projects\mobilesafe74\AndroidManifest.xml:2:1-84:12
	package
		ADDED from Android_Studio_projects\mobilesafe74\AndroidManifest.xml:3:5-39
	android:versionName
		ADDED from Android_Studio_projects\mobilesafe74\AndroidManifest.xml:5:5-30
		INJECTED from Android_Studio_projects\mobilesafe74\AndroidManifest.xml
		INJECTED from Android_Studio_projects\mobilesafe74\AndroidManifest.xml
	android:versionCode
		ADDED from Android_Studio_projects\mobilesafe74\AndroidManifest.xml:4:5-28
		INJECTED from Android_Studio_projects\mobilesafe74\AndroidManifest.xml
		INJECTED from Android_Studio_projects\mobilesafe74\AndroidManifest.xml
	xmlns:android
		ADDED from Android_Studio_projects\mobilesafe74\AndroidManifest.xml:2:11-69
uses-sdk
ADDED from Android_Studio_projects\mobilesafe74\AndroidManifest.xml:13:5-15:41
	android:targetSdkVersion
		ADDED from Android_Studio_projects\mobilesafe74\AndroidManifest.xml:15:9-38
	android:minSdkVersion
		ADDED from Android_Studio_projects\mobilesafe74\AndroidManifest.xml:14:9-34
uses-permission#android.permission.ACCESS_FINE_LOCATION
ADDED from Android_Studio_projects\mobilesafe74\AndroidManifest.xml:19:5-79
	android:name
		ADDED from Android_Studio_projects\mobilesafe74\AndroidManifest.xml:19:22-76
uses-permission#android.permission.ACCESS_COARSE_LOCATION
ADDED from Android_Studio_projects\mobilesafe74\AndroidManifest.xml:20:5-81
	android:name
		ADDED from Android_Studio_projects\mobilesafe74\AndroidManifest.xml:20:22-78
uses-permission#android.permission.INTERNET
ADDED from Android_Studio_projects\mobilesafe74\AndroidManifest.xml:22:5-67
	android:name
		ADDED from Android_Studio_projects\mobilesafe74\AndroidManifest.xml:22:22-64
uses-permission#android.permission.WRITE_EXTERNAL_STORAGE
ADDED from Android_Studio_projects\mobilesafe74\AndroidManifest.xml:23:5-81
	android:name
		ADDED from Android_Studio_projects\mobilesafe74\AndroidManifest.xml:23:22-78
uses-permission#android.permission.READ_PHONE_STATE
ADDED from Android_Studio_projects\mobilesafe74\AndroidManifest.xml:24:5-75
	android:name
		ADDED from Android_Studio_projects\mobilesafe74\AndroidManifest.xml:24:22-72
uses-permission#android.permission.READ_CONTACTS
ADDED from Android_Studio_projects\mobilesafe74\AndroidManifest.xml:25:5-72
	android:name
		ADDED from Android_Studio_projects\mobilesafe74\AndroidManifest.xml:25:22-69
uses-permission#android.permission.RECEIVE_BOOT_COMPLETED
ADDED from Android_Studio_projects\mobilesafe74\AndroidManifest.xml:27:5-81
	android:name
		ADDED from Android_Studio_projects\mobilesafe74\AndroidManifest.xml:27:22-78
uses-permission#android.permission.RECEIVE_SMS
ADDED from Android_Studio_projects\mobilesafe74\AndroidManifest.xml:30:5-70
	android:name
		ADDED from Android_Studio_projects\mobilesafe74\AndroidManifest.xml:30:22-67
uses-permission#android.permission.SEND_SMS
ADDED from Android_Studio_projects\mobilesafe74\AndroidManifest.xml:33:5-67
	android:name
		ADDED from Android_Studio_projects\mobilesafe74\AndroidManifest.xml:33:22-64
uses-permission#android.permission.VIBRATE
ADDED from Android_Studio_projects\mobilesafe74\AndroidManifest.xml:36:5-65
	android:name
		ADDED from Android_Studio_projects\mobilesafe74\AndroidManifest.xml:36:22-63
application
ADDED from Android_Studio_projects\mobilesafe74\AndroidManifest.xml:38:5-82:19
	android:label
		ADDED from Android_Studio_projects\mobilesafe74\AndroidManifest.xml:41:9-41
	android:allowBackup
		ADDED from Android_Studio_projects\mobilesafe74\AndroidManifest.xml:39:9-35
	android:icon
		ADDED from Android_Studio_projects\mobilesafe74\AndroidManifest.xml:40:9-45
	android:theme
		ADDED from Android_Studio_projects\mobilesafe74\AndroidManifest.xml:42:9-40
activity#com.itheima.mobilesafe74.activity.SplashActivity
ADDED from Android_Studio_projects\mobilesafe74\AndroidManifest.xml:43:9-51:20
	android:label
		ADDED from Android_Studio_projects\mobilesafe74\AndroidManifest.xml:45:13-45
	android:name
		ADDED from Android_Studio_projects\mobilesafe74\AndroidManifest.xml:44:13-76
intent-filter#android.intent.action.MAIN+android.intent.category.LAUNCHER
ADDED from Android_Studio_projects\mobilesafe74\AndroidManifest.xml:46:13-50:29
action#android.intent.action.MAIN
ADDED from Android_Studio_projects\mobilesafe74\AndroidManifest.xml:47:17-69
	android:name
		ADDED from Android_Studio_projects\mobilesafe74\AndroidManifest.xml:47:25-66
category#android.intent.category.LAUNCHER
ADDED from Android_Studio_projects\mobilesafe74\AndroidManifest.xml:49:17-77
	android:name
		ADDED from Android_Studio_projects\mobilesafe74\AndroidManifest.xml:49:27-74
activity#com.itheima.mobilesafe74.activity.HomeActivity
ADDED from Android_Studio_projects\mobilesafe74\AndroidManifest.xml:52:9-83
	android:name
		ADDED from Android_Studio_projects\mobilesafe74\AndroidManifest.xml:52:19-80
activity#com.itheima.mobilesafe74.activity.SettingActivity
ADDED from Android_Studio_projects\mobilesafe74\AndroidManifest.xml:53:9-86
	android:name
		ADDED from Android_Studio_projects\mobilesafe74\AndroidManifest.xml:53:19-83
activity#com.itheima.mobilesafe74.activity.TestActivity
ADDED from Android_Studio_projects\mobilesafe74\AndroidManifest.xml:54:9-83
	android:name
		ADDED from Android_Studio_projects\mobilesafe74\AndroidManifest.xml:54:19-80
activity#com.itheima.mobilesafe74.activity.SetupOverActivity
ADDED from Android_Studio_projects\mobilesafe74\AndroidManifest.xml:55:9-88
	android:name
		ADDED from Android_Studio_projects\mobilesafe74\AndroidManifest.xml:55:19-85
activity#com.itheima.mobilesafe74.activity.Setup1Activity
ADDED from Android_Studio_projects\mobilesafe74\AndroidManifest.xml:56:9-85
	android:name
		ADDED from Android_Studio_projects\mobilesafe74\AndroidManifest.xml:56:19-82
activity#com.itheima.mobilesafe74.activity.Setup2Activity
ADDED from Android_Studio_projects\mobilesafe74\AndroidManifest.xml:57:9-85
	android:name
		ADDED from Android_Studio_projects\mobilesafe74\AndroidManifest.xml:57:19-82
activity#com.itheima.mobilesafe74.activity.Setup3Activity
ADDED from Android_Studio_projects\mobilesafe74\AndroidManifest.xml:58:9-85
	android:name
		ADDED from Android_Studio_projects\mobilesafe74\AndroidManifest.xml:58:19-82
activity#com.itheima.mobilesafe74.activity.Setup4Activity
ADDED from Android_Studio_projects\mobilesafe74\AndroidManifest.xml:59:9-85
	android:name
		ADDED from Android_Studio_projects\mobilesafe74\AndroidManifest.xml:59:19-82
activity#com.itheima.mobilesafe74.activity.ContactListActivity
ADDED from Android_Studio_projects\mobilesafe74\AndroidManifest.xml:60:9-90
	android:name
		ADDED from Android_Studio_projects\mobilesafe74\AndroidManifest.xml:60:19-87
activity#com.itheima.mobilesafe74.activity.AToolActivity
ADDED from Android_Studio_projects\mobilesafe74\AndroidManifest.xml:61:9-84
	android:name
		ADDED from Android_Studio_projects\mobilesafe74\AndroidManifest.xml:61:19-81
activity#com.itheima.mobilesafe74.activity.PhoneLocationQueryActivity
ADDED from Android_Studio_projects\mobilesafe74\AndroidManifest.xml:62:9-73
	android:name
		ADDED from Android_Studio_projects\mobilesafe74\AndroidManifest.xml:62:19-70
receiver#com.itheima.mobilesafe74.Receiver.BootReceiver
ADDED from Android_Studio_projects\mobilesafe74\AndroidManifest.xml:66:9-70:20
	android:name
		ADDED from Android_Studio_projects\mobilesafe74\AndroidManifest.xml:66:19-56
intent-filter#android.intent.action.BOOT_COMPLETED
ADDED from Android_Studio_projects\mobilesafe74\AndroidManifest.xml:67:13-69:29
action#android.intent.action.BOOT_COMPLETED
ADDED from Android_Studio_projects\mobilesafe74\AndroidManifest.xml:68:17-79
	android:name
		ADDED from Android_Studio_projects\mobilesafe74\AndroidManifest.xml:68:25-76
receiver#com.itheima.mobilesafe74.Receiver.SmsReceiver
ADDED from Android_Studio_projects\mobilesafe74\AndroidManifest.xml:72:9-76:20
	android:name
		ADDED from Android_Studio_projects\mobilesafe74\AndroidManifest.xml:72:19-55
intent-filter#android.provider.Telephony.SMS_RECEIVED
ADDED from Android_Studio_projects\mobilesafe74\AndroidManifest.xml:73:13-75:29
action#android.provider.Telephony.SMS_RECEIVED
ADDED from Android_Studio_projects\mobilesafe74\AndroidManifest.xml:74:17-82
	android:name
		ADDED from Android_Studio_projects\mobilesafe74\AndroidManifest.xml:74:25-79
service#com.itheima.mobilesafe74.Service.LocaitonService
ADDED from Android_Studio_projects\mobilesafe74\AndroidManifest.xml:79:9-60
	android:name
		ADDED from Android_Studio_projects\mobilesafe74\AndroidManifest.xml:79:18-57